2023-04-14 17:24:41,334 - kedro.framework.session.session - INFO - Kedro project spaceflights-prices
2023-04-14 17:25:32,804 - kedro.io.data_catalog - INFO - Loading data from 'companies' (CSVDataSet)...
2023-04-14 17:25:32,843 - kedro.pipeline.node - INFO - Running node: preprocess_companies_node: preprocess_companies([companies]) -> [preprocessed_companies]
2023-04-14 17:25:32,875 - kedro.io.data_catalog - INFO - Saving data to 'preprocessed_companies' (ParquetDataSet)...
2023-04-14 17:25:36,439 - kedro.runner.sequential_runner - INFO - Completed 1 out of 6 tasks
2023-04-14 17:25:36,441 - kedro.io.data_catalog - INFO - Loading data from 'shuttles' (ExcelDataSet)...
2023-04-14 17:25:47,634 - kedro.pipeline.node - INFO - Running node: preprocess_shuttles_node: preprocess_shuttles([shuttles]) -> [preprocessed_shuttles]
2023-04-14 17:25:47,697 - kedro.io.data_catalog - INFO - Saving data to 'preprocessed_shuttles' (ParquetDataSet)...
2023-04-14 17:25:47,746 - kedro.runner.sequential_runner - INFO - Completed 2 out of 6 tasks
2023-04-14 17:25:47,747 - kedro.io.data_catalog - INFO - Loading data from 'preprocessed_shuttles' (ParquetDataSet)...
2023-04-14 17:25:50,672 - kedro.io.data_catalog - INFO - Loading data from 'preprocessed_companies' (ParquetDataSet)...
2023-04-14 17:25:50,683 - kedro.io.data_catalog - INFO - Loading data from 'reviews' (CSVDataSet)...
2023-04-14 17:25:50,734 - kedro.pipeline.node - INFO - Running node: create_model_input_table_node: create_model_input_table([preprocessed_shuttles,preprocessed_companies,reviews]) -> [model_input_table]
2023-04-14 17:25:52,020 - kedro.io.data_catalog - INFO - Saving data to 'model_input_table' (ParquetDataSet)...
2023-04-14 17:25:52,499 - kedro.runner.sequential_runner - INFO - Completed 3 out of 6 tasks
2023-04-14 17:25:52,500 - kedro.io.data_catalog - INFO - Loading data from 'model_input_table' (ParquetDataSet)...
2023-04-14 17:25:52,628 - kedro.io.data_catalog - INFO - Loading data from 'params:model_options' (MemoryDataSet)...
2023-04-14 17:25:52,629 - kedro.pipeline.node - INFO - Running node: split_data_node: split_data([model_input_table,params:model_options]) -> [X_train,X_test,y_train,y_test]
2023-04-14 17:25:52,694 - kedro.io.data_catalog - INFO - Saving data to 'X_train' (MemoryDataSet)...
2023-04-14 17:25:52,699 - kedro.io.data_catalog - INFO - Saving data to 'X_test' (MemoryDataSet)...
2023-04-14 17:25:52,700 - kedro.io.data_catalog - INFO - Saving data to 'y_train' (MemoryDataSet)...
2023-04-14 17:25:52,702 - kedro.io.data_catalog - INFO - Saving data to 'y_test' (MemoryDataSet)...
2023-04-14 17:25:52,718 - kedro.runner.sequential_runner - INFO - Completed 4 out of 6 tasks
2023-04-14 17:25:52,719 - kedro.io.data_catalog - INFO - Loading data from 'X_train' (MemoryDataSet)...
2023-04-14 17:25:52,722 - kedro.io.data_catalog - INFO - Loading data from 'y_train' (MemoryDataSet)...
2023-04-14 17:25:52,724 - kedro.pipeline.node - INFO - Running node: train_model_node: train_model([X_train,y_train]) -> [regressor]
2023-04-14 17:25:53,454 - kedro.io.data_catalog - INFO - Saving data to 'regressor' (PickleDataSet)...
2023-04-14 17:25:53,458 - kedro.runner.sequential_runner - INFO - Completed 5 out of 6 tasks
2023-04-14 17:25:53,459 - kedro.io.data_catalog - INFO - Loading data from 'regressor' (PickleDataSet)...
2023-04-14 17:25:53,463 - kedro.io.data_catalog - INFO - Loading data from 'X_test' (MemoryDataSet)...
2023-04-14 17:25:53,465 - kedro.io.data_catalog - INFO - Loading data from 'y_test' (MemoryDataSet)...
2023-04-14 17:25:53,466 - kedro.pipeline.node - INFO - Running node: evaluate_model_node: evaluate_model([regressor,X_test,y_test]) -> None
2023-04-14 17:25:53,530 - spaceflights_prices.pipelines.data_science.nodes - INFO - Model has a coefficient R^2 of 0.462 on test data.
2023-04-14 17:25:53,532 - kedro.runner.sequential_runner - INFO - Completed 6 out of 6 tasks
2023-04-14 17:25:53,533 - kedro.runner.sequential_runner - INFO - Pipeline execution completed successfully.
2023-04-17 11:27:19,269 - kedro.ipython - INFO - Kedro project spaceflights_prices
2023-04-17 11:27:19,282 - kedro.ipython - INFO - Defined global variable 'context', 'session', 'catalog' and 'pipelines'
2023-04-17 11:27:25,500 - py.warnings - WARNING - /Users/Elena_Sidorova/opt/anaconda3/lib/python3.9/site-packages/xarray/core/pycompat.py:22: DeprecationWarning: distutils Version classes are deprecated. Use packaging.version instead.
  duck_array_version = LooseVersion(duck_array_module.__version__)

2023-04-17 11:27:26,797 - py.warnings - WARNING - /Users/Elena_Sidorova/opt/anaconda3/lib/python3.9/site-packages/xarray/core/pycompat.py:37: DeprecationWarning: distutils Version classes are deprecated. Use packaging.version instead.
  duck_array_version = LooseVersion("0.0.0")

2023-04-17 11:27:26,831 - py.warnings - WARNING - /Users/Elena_Sidorova/opt/anaconda3/lib/python3.9/site-packages/setuptools/_distutils/version.py:345: DeprecationWarning: distutils Version classes are deprecated. Use packaging.version instead.
  other = LooseVersion(other)

2023-04-17 11:27:26,875 - py.warnings - WARNING - /Users/Elena_Sidorova/opt/anaconda3/lib/python3.9/site-packages/xarray/core/npcompat.py:82: DeprecationWarning: distutils Version classes are deprecated. Use packaging.version instead.
  if LooseVersion(np.__version__) >= "1.20.0":

2023-04-17 11:27:27,032 - py.warnings - WARNING - /Users/Elena_Sidorova/opt/anaconda3/lib/python3.9/site-packages/xarray/core/pdcompat.py:45: DeprecationWarning: distutils Version classes are deprecated. Use packaging.version instead.
  if LooseVersion(pd.__version__) < "0.25.0":

2023-04-17 11:27:28,168 - py.warnings - WARNING - /Users/Elena_Sidorova/opt/anaconda3/lib/python3.9/site-packages/matplotlib/__init__.py:152: DeprecationWarning: distutils Version classes are deprecated. Use packaging.version instead.
  if LooseVersion(module.__version__) < minver:

2023-04-17 11:27:35,104 - py.warnings - WARNING - /Users/Elena_Sidorova/opt/anaconda3/lib/python3.9/site-packages/plotly/graph_objects/__init__.py:288: DeprecationWarning: distutils Version classes are deprecated. Use packaging.version instead.
  if LooseVersion(ipywidgets.__version__) >= LooseVersion("7.0.0"):

2023-04-17 11:27:35,217 - kedro.ipython - INFO - Registered line magic 'run_viz'
2023-04-17 11:56:40,609 - kedro.ipython - INFO - Kedro project spaceflights_prices
2023-04-17 11:56:40,622 - kedro.ipython - INFO - Defined global variable 'context', 'session', 'catalog' and 'pipelines'
2023-04-17 11:56:42,626 - py.warnings - WARNING - /Users/Elena_Sidorova/opt/anaconda3/lib/python3.9/site-packages/xarray/core/pycompat.py:22: DeprecationWarning: distutils Version classes are deprecated. Use packaging.version instead.
  duck_array_version = LooseVersion(duck_array_module.__version__)

2023-04-17 11:56:42,859 - py.warnings - WARNING - /Users/Elena_Sidorova/opt/anaconda3/lib/python3.9/site-packages/xarray/core/pycompat.py:37: DeprecationWarning: distutils Version classes are deprecated. Use packaging.version instead.
  duck_array_version = LooseVersion("0.0.0")

2023-04-17 11:56:42,863 - py.warnings - WARNING - /Users/Elena_Sidorova/opt/anaconda3/lib/python3.9/site-packages/setuptools/_distutils/version.py:345: DeprecationWarning: distutils Version classes are deprecated. Use packaging.version instead.
  other = LooseVersion(other)

2023-04-17 11:56:42,877 - py.warnings - WARNING - /Users/Elena_Sidorova/opt/anaconda3/lib/python3.9/site-packages/xarray/core/npcompat.py:82: DeprecationWarning: distutils Version classes are deprecated. Use packaging.version instead.
  if LooseVersion(np.__version__) >= "1.20.0":

2023-04-17 11:56:42,907 - py.warnings - WARNING - /Users/Elena_Sidorova/opt/anaconda3/lib/python3.9/site-packages/xarray/core/pdcompat.py:45: DeprecationWarning: distutils Version classes are deprecated. Use packaging.version instead.
  if LooseVersion(pd.__version__) < "0.25.0":

2023-04-17 11:56:43,050 - py.warnings - WARNING - /Users/Elena_Sidorova/opt/anaconda3/lib/python3.9/site-packages/matplotlib/__init__.py:152: DeprecationWarning: distutils Version classes are deprecated. Use packaging.version instead.
  if LooseVersion(module.__version__) < minver:

2023-04-17 11:56:45,856 - py.warnings - WARNING - /Users/Elena_Sidorova/opt/anaconda3/lib/python3.9/site-packages/plotly/graph_objects/__init__.py:288: DeprecationWarning: distutils Version classes are deprecated. Use packaging.version instead.
  if LooseVersion(ipywidgets.__version__) >= LooseVersion("7.0.0"):

2023-04-17 11:56:45,882 - kedro.ipython - INFO - Registered line magic 'run_viz'
2023-04-17 11:59:32,170 - kedro.io.data_catalog - INFO - Loading data from 'companies' (CSVDataSet)...
2023-04-17 11:59:43,275 - kedro.io.data_catalog - INFO - Loading data from 'shuttles' (ExcelDataSet)...
2023-04-17 12:37:53,563 - kedro.framework.session.session - INFO - Kedro project spaceflights-prices
2023-04-17 12:37:56,628 - kedro.io.data_catalog - INFO - Loading data from 'companies' (CSVDataSet)...
2023-04-17 12:37:56,675 - kedro.pipeline.node - INFO - Running node: preprocess_companies_node: preprocess_companies([companies]) -> [preprocessed_companies]
2023-04-17 12:37:56,708 - kedro.io.data_catalog - INFO - Saving data to 'preprocessed_companies' (ParquetDataSet)...
2023-04-17 12:37:56,964 - kedro.runner.sequential_runner - INFO - Completed 1 out of 1 tasks
2023-04-17 12:37:56,965 - kedro.runner.sequential_runner - INFO - Pipeline execution completed successfully.
2023-04-17 12:38:18,965 - kedro.framework.session.session - INFO - Kedro project spaceflights-prices
2023-04-17 12:38:24,409 - kedro.io.data_catalog - INFO - Loading data from 'companies' (CSVDataSet)...
2023-04-17 12:38:24,455 - kedro.pipeline.node - INFO - Running node: preprocess_companies_node: preprocess_companies([companies]) -> [preprocessed_companies]
2023-04-17 12:38:24,486 - kedro.io.data_catalog - INFO - Saving data to 'preprocessed_companies' (ParquetDataSet)...
2023-04-17 12:38:24,592 - kedro.runner.sequential_runner - INFO - Completed 1 out of 6 tasks
2023-04-17 12:38:24,593 - kedro.io.data_catalog - INFO - Loading data from 'shuttles' (ExcelDataSet)...
2023-04-17 12:38:32,648 - kedro.pipeline.node - INFO - Running node: preprocess_shuttles_node: preprocess_shuttles([shuttles]) -> [preprocessed_shuttles]
2023-04-17 12:38:32,706 - kedro.io.data_catalog - INFO - Saving data to 'preprocessed_shuttles' (ParquetDataSet)...
2023-04-17 12:38:32,759 - kedro.runner.sequential_runner - INFO - Completed 2 out of 6 tasks
2023-04-17 12:38:32,760 - kedro.io.data_catalog - INFO - Loading data from 'preprocessed_shuttles' (ParquetDataSet)...
2023-04-17 12:38:32,977 - kedro.io.data_catalog - INFO - Loading data from 'preprocessed_companies' (ParquetDataSet)...
2023-04-17 12:38:32,991 - kedro.io.data_catalog - INFO - Loading data from 'reviews' (CSVDataSet)...
2023-04-17 12:38:33,040 - kedro.pipeline.node - INFO - Running node: create_model_input_table_node: create_model_input_table([preprocessed_shuttles,preprocessed_companies,reviews]) -> [model_input_table]
2023-04-17 12:38:34,221 - kedro.io.data_catalog - INFO - Saving data to 'model_input_table' (ParquetDataSet)...
2023-04-17 12:38:34,702 - kedro.runner.sequential_runner - INFO - Completed 3 out of 6 tasks
2023-04-17 12:38:34,703 - kedro.io.data_catalog - INFO - Loading data from 'model_input_table' (ParquetDataSet)...
2023-04-17 12:38:34,816 - kedro.io.data_catalog - INFO - Loading data from 'params:model_options' (MemoryDataSet)...
2023-04-17 12:38:34,818 - kedro.pipeline.node - INFO - Running node: split_data_node: split_data([model_input_table,params:model_options]) -> [X_train,X_test,y_train,y_test]
2023-04-17 12:38:34,876 - kedro.io.data_catalog - INFO - Saving data to 'X_train' (MemoryDataSet)...
2023-04-17 12:38:34,880 - kedro.io.data_catalog - INFO - Saving data to 'X_test' (MemoryDataSet)...
2023-04-17 12:38:34,882 - kedro.io.data_catalog - INFO - Saving data to 'y_train' (MemoryDataSet)...
2023-04-17 12:38:34,884 - kedro.io.data_catalog - INFO - Saving data to 'y_test' (MemoryDataSet)...
2023-04-17 12:38:34,898 - kedro.runner.sequential_runner - INFO - Completed 4 out of 6 tasks
2023-04-17 12:38:34,899 - kedro.io.data_catalog - INFO - Loading data from 'X_train' (MemoryDataSet)...
2023-04-17 12:38:34,902 - kedro.io.data_catalog - INFO - Loading data from 'y_train' (MemoryDataSet)...
2023-04-17 12:38:34,904 - kedro.pipeline.node - INFO - Running node: train_model_node: train_model([X_train,y_train]) -> [regressor]
2023-04-17 12:38:35,592 - kedro.io.data_catalog - INFO - Saving data to 'regressor' (PickleDataSet)...
2023-04-17 12:38:35,595 - kedro.runner.sequential_runner - INFO - Completed 5 out of 6 tasks
2023-04-17 12:38:35,596 - kedro.io.data_catalog - INFO - Loading data from 'regressor' (PickleDataSet)...
2023-04-17 12:38:35,599 - kedro.io.data_catalog - INFO - Loading data from 'X_test' (MemoryDataSet)...
2023-04-17 12:38:35,601 - kedro.io.data_catalog - INFO - Loading data from 'y_test' (MemoryDataSet)...
2023-04-17 12:38:35,602 - kedro.pipeline.node - INFO - Running node: evaluate_model_node: evaluate_model([regressor,X_test,y_test]) -> None
2023-04-17 12:38:35,665 - spaceflights_prices.pipelines.data_science.nodes - INFO - Model has a coefficient R^2 of 0.462 on test data.
2023-04-17 12:38:35,666 - kedro.runner.sequential_runner - INFO - Completed 6 out of 6 tasks
2023-04-17 12:38:35,667 - kedro.runner.sequential_runner - INFO - Pipeline execution completed successfully.
