2023-08-12 13:13:34,955 INFO mapreduce.Job: Running job: job_1691825817425_0016
2023-08-12 13:13:46,515 INFO mapreduce.Job: Job job_1691825817425_0016 running in uber mode : false
2023-08-12 13:13:46,516 INFO mapreduce.Job:  map 0% reduce 0%
2023-08-12 13:13:55,681 INFO mapreduce.Job:  map 2% reduce 0%
2023-08-12 13:13:56,693 INFO mapreduce.Job:  map 4% reduce 0%
2023-08-12 13:14:05,785 INFO mapreduce.Job:  map 5% reduce 0%
2023-08-12 13:14:08,809 INFO mapreduce.Job:  map 6% reduce 0%
2023-08-12 13:14:09,815 INFO mapreduce.Job:  map 8% reduce 0%
2023-08-12 13:14:12,843 INFO mapreduce.Job:  map 9% reduce 0%
2023-08-12 13:14:14,856 INFO mapreduce.Job:  map 10% reduce 0%
2023-08-12 13:14:15,864 INFO mapreduce.Job:  map 11% reduce 0%
2023-08-12 13:14:18,882 INFO mapreduce.Job:  map 12% reduce 0%
2023-08-12 13:14:19,887 INFO mapreduce.Job:  map 13% reduce 0%
2023-08-12 13:14:20,895 INFO mapreduce.Job:  map 16% reduce 0%
2023-08-12 13:14:24,939 INFO mapreduce.Job:  map 17% reduce 0%
2023-08-12 13:14:25,944 INFO mapreduce.Job:  map 18% reduce 0%
2023-08-12 13:14:26,952 INFO mapreduce.Job:  map 21% reduce 0%
2023-08-12 13:14:28,970 INFO mapreduce.Job:  map 22% reduce 0%
2023-08-12 13:14:30,985 INFO mapreduce.Job:  map 23% reduce 0%
2023-08-12 13:14:32,012 INFO mapreduce.Job:  map 24% reduce 0%
2023-08-12 13:14:33,020 INFO mapreduce.Job:  map 26% reduce 0%
2023-08-12 13:14:36,045 INFO mapreduce.Job:  map 27% reduce 0%
2023-08-12 13:14:37,052 INFO mapreduce.Job:  map 28% reduce 0%
2023-08-12 13:14:38,059 INFO mapreduce.Job:  map 29% reduce 0%
2023-08-12 13:14:39,069 INFO mapreduce.Job:  map 31% reduce 0%
2023-08-12 13:14:40,080 INFO mapreduce.Job:  map 32% reduce 0%
2023-08-12 13:14:43,109 INFO mapreduce.Job:  map 33% reduce 0%
2023-08-12 13:14:44,115 INFO mapreduce.Job:  map 34% reduce 0%
2023-08-12 13:14:45,122 INFO mapreduce.Job:  map 37% reduce 0%
2023-08-12 13:14:46,127 INFO mapreduce.Job:  map 38% reduce 0%
2023-08-12 13:14:47,132 INFO mapreduce.Job:  map 38% reduce 6%
2023-08-12 13:14:48,136 INFO mapreduce.Job:  map 39% reduce 6%
2023-08-12 13:14:49,141 INFO mapreduce.Job:  map 40% reduce 6%
2023-08-12 13:14:50,147 INFO mapreduce.Job:  map 41% reduce 6%
2023-08-12 13:14:51,157 INFO mapreduce.Job:  map 42% reduce 6%
2023-08-12 13:14:52,165 INFO mapreduce.Job:  map 43% reduce 6%
2023-08-12 13:14:53,175 INFO mapreduce.Job:  map 44% reduce 7%
2023-08-12 13:14:54,179 INFO mapreduce.Job:  map 45% reduce 7%
2023-08-12 13:14:55,186 INFO mapreduce.Job:  map 46% reduce 7%
2023-08-12 13:14:56,191 INFO mapreduce.Job:  map 47% reduce 7%
2023-08-12 13:14:57,199 INFO mapreduce.Job:  map 49% reduce 7%
2023-08-12 13:14:58,205 INFO mapreduce.Job:  map 50% reduce 7%
2023-08-12 13:14:59,209 INFO mapreduce.Job:  map 51% reduce 8%
2023-08-12 13:15:00,216 INFO mapreduce.Job:  map 52% reduce 8%
2023-08-12 13:15:01,221 INFO mapreduce.Job:  map 54% reduce 8%
2023-08-12 13:15:02,228 INFO mapreduce.Job:  map 55% reduce 8%
2023-08-12 13:15:03,242 INFO mapreduce.Job:  map 57% reduce 8%
2023-08-12 13:15:04,261 INFO mapreduce.Job:  map 58% reduce 8%
2023-08-12 13:15:05,267 INFO mapreduce.Job:  map 59% reduce 10%
2023-08-12 13:15:06,274 INFO mapreduce.Job:  map 60% reduce 10%
2023-08-12 13:15:07,278 INFO mapreduce.Job:  map 61% reduce 10%
2023-08-12 13:15:08,283 INFO mapreduce.Job:  map 62% reduce 10%
2023-08-12 13:15:09,291 INFO mapreduce.Job:  map 64% reduce 10%
2023-08-12 13:15:10,298 INFO mapreduce.Job:  map 66% reduce 10%
2023-08-12 13:15:11,305 INFO mapreduce.Job:  map 67% reduce 12%
2023-08-12 13:15:12,326 INFO mapreduce.Job:  map 71% reduce 12%
2023-08-12 13:15:13,332 INFO mapreduce.Job:  map 74% reduce 12%
2023-08-12 13:15:14,347 INFO mapreduce.Job:  map 81% reduce 12%
2023-08-12 13:15:15,354 INFO mapreduce.Job:  map 87% reduce 12%
2023-08-12 13:15:16,363 INFO mapreduce.Job:  map 89% reduce 12%
2023-08-12 13:15:17,370 INFO mapreduce.Job:  map 92% reduce 22%
2023-08-12 13:15:22,401 INFO mapreduce.Job:  map 94% reduce 22%
2023-08-12 13:15:23,407 INFO mapreduce.Job:  map 94% reduce 28%
2023-08-12 13:15:25,420 INFO mapreduce.Job:  map 95% reduce 28%
2023-08-12 13:15:29,442 INFO mapreduce.Job:  map 96% reduce 31%
2023-08-12 13:15:31,458 INFO mapreduce.Job:  map 99% reduce 31%
2023-08-12 13:15:33,471 INFO mapreduce.Job:  map 100% reduce 31%
2023-08-12 13:15:35,482 INFO mapreduce.Job:  map 100% reduce 36%
2023-08-12 13:15:41,514 INFO mapreduce.Job:  map 100% reduce 48%
2023-08-12 13:15:47,571 INFO mapreduce.Job:  map 100% reduce 61%
2023-08-12 13:15:53,600 INFO mapreduce.Job:  map 100% reduce 73%
2023-08-12 13:15:59,633 INFO mapreduce.Job:  map 100% reduce 84%
2023-08-12 13:16:05,663 INFO mapreduce.Job:  map 100% reduce 91%
2023-08-12 13:16:09,693 INFO mapreduce.Job:  map 100% reduce 100%
2023-08-12 13:16:11,708 INFO mapreduce.Job: Job job_1691825817425_0016 completed successfully
2023-08-12 13:16:11,851 INFO mapreduce.Job: Counters: 56
	File System Counters
		FILE: Number of bytes read=31665244
		FILE: Number of bytes written=75298640
		FILE: Number of read operations=0
		FILE: Number of large read operations=0
		FILE: Number of write operations=0
		HDFS: Number of bytes read=2280026261
		HDFS: Number of bytes written=1180
		HDFS: Number of read operations=149
		HDFS: Number of large read operations=0
		HDFS: Number of write operations=3
		HDFS: Number of bytes read erasure-coded=0
	Job Counters 
		Killed map tasks=2
		Launched map tasks=49
		Launched reduce tasks=1
		Data-local map tasks=14
		Rack-local map tasks=35
		Total time spent by all maps in occupied slots (ms)=2705336
		Total time spent by all reduces in occupied slots (ms)=320394
		Total time spent by all map tasks (ms)=2705336
		Total time spent by all reduce tasks (ms)=106798
		Total vcore-milliseconds taken by all map tasks=2705336
		Total vcore-milliseconds taken by all reduce tasks=106798
		Total megabyte-milliseconds taken by all map tasks=2770264064
		Total megabyte-milliseconds taken by all reduce tasks=328083456
	Map-Reduce Framework
		Map input records=24648573
		Map output records=23837654
		Map output bytes=346147501
		Map output materialized bytes=31748169
		Input split bytes=7453
		Combine input records=0
		Combine output records=0
		Reduce input groups=52
		Reduce shuffle bytes=31748169
		Reduce input records=23837654
		Reduce output records=52
		Spilled Records=47675308
		Shuffled Maps =48
		Failed Shuffles=0
		Merged Map outputs=48
		GC time elapsed (ms)=25210
		CPU time spent (ms)=771740
		Physical memory (bytes) snapshot=18125533184
		Virtual memory (bytes) snapshot=212561059840
		Total committed heap usage (bytes)=19082510336
		Peak Map Physical memory (bytes)=388956160
		Peak Map Virtual memory (bytes)=4361904128
		Peak Reduce Physical memory (bytes)=827576320
		Peak Reduce Virtual memory (bytes)=4358701056
	Shuffle Errors
		BAD_ID=0
		CONNECTION=0
		IO_ERROR=0
		WRONG_LENGTH=0
		WRONG_MAP=0
		WRONG_REDUCE=0
	File Input Format Counters 
		Bytes Read=2280018808
	File Output Format Counters 
		Bytes Written=1180
Output directory: /user/ubuntu/2020/output-data
